<?xml version="1.0" encoding="UTF-8"?>
<!-- Generated by org.testng.reporters.JUnitReportReporter -->
<testsuite hostname="DESKTOP-9MF4TNH" name="RunTest" tests="1" failures="0" timestamp="22 Oct 2020 09:14:34 GMT" time="0.069" errors="0">
  <testcase name="feature" time="0.069" classname="RunTest"/>
</testsuite> <!-- RunTest -->
